<?xml version="1.0" encoding="UTF-8"?>
<coverage generated="1582215606601" clover="3.2.0">
  <project timestamp="1582215606601" name="All files">
    <metrics statements="6" coveredstatements="4" conditionals="0" coveredconditionals="0" methods="4" coveredmethods="0" elements="10" coveredelements="4" complexity="0" loc="6" ncloc="6" packages="4" files="4" classes="4"/>
    <package name="anagrams">
      <metrics statements="1" coveredstatements="1" conditionals="0" coveredconditionals="0" methods="1" coveredmethods="0"/>
      <file name="are-anagrams.ts" path="/home/panda/code/kata/jest-tdd/src/anagrams/are-anagrams.ts">
        <metrics statements="1" coveredstatements="1" conditionals="0" coveredconditionals="0" methods="1" coveredmethods="0"/>
        <line num="1" count="1" type="stmt"/>
      </file>
    </package>
    <package name="fizz-buzz">
      <metrics statements="2" coveredstatements="1" conditionals="0" coveredconditionals="0" methods="1" coveredmethods="0"/>
      <file name="FizzBuzz.ts" path="/home/panda/code/kata/jest-tdd/src/fizz-buzz/FizzBuzz.ts">
        <metrics statements="2" coveredstatements="1" conditionals="0" coveredconditionals="0" methods="1" coveredmethods="0"/>
        <line num="1" count="1" type="stmt"/>
        <line num="2" count="0" type="stmt"/>
      </file>
    </package>
    <package name="leap-year">
      <metrics statements="1" coveredstatements="1" conditionals="0" coveredconditionals="0" methods="1" coveredmethods="0"/>
      <file name="is-leap-year.ts" path="/home/panda/code/kata/jest-tdd/src/leap-year/is-leap-year.ts">
        <metrics statements="1" coveredstatements="1" conditionals="0" coveredconditionals="0" methods="1" coveredmethods="0"/>
        <line num="1" count="1" type="stmt"/>
      </file>
    </package>
    <package name="roman-numerals">
      <metrics statements="2" coveredstatements="1" conditionals="0" coveredconditionals="0" methods="1" coveredmethods="0"/>
      <file name="RomanNumerals.ts" path="/home/panda/code/kata/jest-tdd/src/roman-numerals/RomanNumerals.ts">
        <metrics statements="2" coveredstatements="1" conditionals="0" coveredconditionals="0" methods="1" coveredmethods="0"/>
        <line num="1" count="1" type="stmt"/>
        <line num="2" count="0" type="stmt"/>
      </file>
    </package>
  </project>
</coverage>
