{"/home/panda/code/kata/jest-tdd/src/anagrams/are-anagrams.ts": {"path":"/home/panda/code/kata/jest-tdd/src/anagrams/are-anagrams.ts","statementMap":{"0":{"start":{"line":1,"column":0},"end":{"line":1,"column":26}},"1":{"start":{"line":1,"column":21},"end":{"line":1,"column":26}}},"fnMap":{"0":{"name":"(anonymous_0)","decl":{"start":{"line":1,"column":15},"end":{"line":1,"column":21}},"loc":{"start":{"line":1,"column":15},"end":{"line":1,"column":25}}}},"branchMap":{},"s":{"0":1,"1":0},"f":{"0":0},"b":{}}
,"/home/panda/code/kata/jest-tdd/src/fizz-buzz/FizzBuzz.ts": {"path":"/home/panda/code/kata/jest-tdd/src/fizz-buzz/FizzBuzz.ts","statementMap":{"0":{"start":{"line":1,"column":0},"end":{"line":3,"column":2}},"1":{"start":{"line":2,"column":13},"end":{"line":2,"column":null}}},"fnMap":{"0":{"name":"(anonymous_0)","decl":{"start":{"line":2,"column":7},"end":{"line":2,"column":13}},"loc":{"start":{"line":2,"column":7},"end":{"line":2,"column":17}}}},"branchMap":{},"s":{"0":1,"1":0},"f":{"0":0},"b":{}}
,"/home/panda/code/kata/jest-tdd/src/leap-year/is-leap-year.ts": {"path":"/home/panda/code/kata/jest-tdd/src/leap-year/is-leap-year.ts","statementMap":{"0":{"start":{"line":1,"column":0},"end":{"line":1,"column":26}},"1":{"start":{"line":1,"column":21},"end":{"line":1,"column":26}}},"fnMap":{"0":{"name":"(anonymous_0)","decl":{"start":{"line":1,"column":15},"end":{"line":1,"column":21}},"loc":{"start":{"line":1,"column":15},"end":{"line":1,"column":25}}}},"branchMap":{},"s":{"0":1,"1":0},"f":{"0":0},"b":{}}
,"/home/panda/code/kata/jest-tdd/src/roman-numerals/RomanNumerals.ts": {"path":"/home/panda/code/kata/jest-tdd/src/roman-numerals/RomanNumerals.ts","statementMap":{"0":{"start":{"line":1,"column":0},"end":{"line":3,"column":2}},"1":{"start":{"line":2,"column":15},"end":{"line":2,"column":null}}},"fnMap":{"0":{"name":"(anonymous_0)","decl":{"start":{"line":2,"column":9},"end":{"line":2,"column":15}},"loc":{"start":{"line":2,"column":9},"end":{"line":2,"column":19}}}},"branchMap":{},"s":{"0":1,"1":0},"f":{"0":0},"b":{}}
}
